<?xml version="1.0" encoding="UTF-8"?>
<testng-results ignored="0" total="3" passed="3" failed="0" skipped="0">
  <reporter-output>
  </reporter-output>
  <suite started-at="2022-07-18T18:28:50 IST" name="Default suite" finished-at="2022-07-18T18:28:55 IST" duration-ms="5202">
    <groups>
    </groups>
    <test started-at="2022-07-18T18:28:50 IST" name="Default test" finished-at="2022-07-18T18:28:55 IST" duration-ms="5202">
      <class name="tests.PutPatchDeleteExamples">
        <test-method signature="testDelete()[pri:0, instance:tests.PutPatchDeleteExamples@31368b99]" started-at="2022-07-18T18:28:50 IST" name="testDelete" finished-at="2022-07-18T18:28:53 IST" duration-ms="2894" status="PASS">
          <reporter-output>
          </reporter-output>
        </test-method> <!-- testDelete -->
        <test-method signature="testPatch()[pri:0, instance:tests.PutPatchDeleteExamples@31368b99]" started-at="2022-07-18T18:28:53 IST" name="testPatch" finished-at="2022-07-18T18:28:54 IST" duration-ms="1194" status="PASS">
          <reporter-output>
          </reporter-output>
        </test-method> <!-- testPatch -->
        <test-method signature="testPut()[pri:0, instance:tests.PutPatchDeleteExamples@31368b99]" started-at="2022-07-18T18:28:54 IST" name="testPut" finished-at="2022-07-18T18:28:55 IST" duration-ms="1045" status="PASS">
          <reporter-output>
          </reporter-output>
        </test-method> <!-- testPut -->
      </class> <!-- tests.PutPatchDeleteExamples -->
    </test> <!-- Default test -->
  </suite> <!-- Default suite -->
</testng-results>
