<?xml version="1.0" encoding="UTF-8"?>
<!-- Generated by org.testng.reporters.JUnitXMLReporter -->
<testsuite ignored="0" hostname="QA_Sachin_Kujur" failures="0" tests="3" name="Default test" time="5.202" errors="0" timestamp="2022-07-18T18:28:55 IST">
  <testcase classname="tests.PutPatchDeleteExamples" name="testDelete" time="2.894"/>
  <testcase classname="tests.PutPatchDeleteExamples" name="testPatch" time="1.194"/>
  <testcase classname="tests.PutPatchDeleteExamples" name="testPut" time="1.045"/>
</testsuite> <!-- Default test -->
